C51 COMPILER V9.54   LCD                                                                   02/05/2016 20:00:36 PAGE 1   


C51 COMPILER V9.54, COMPILATION OF MODULE LCD
OBJECT MODULE PLACED IN .\Objects\lcd.obj
COMPILER INVOKED BY: D:\Programmes\Programmes\C51\BIN\C51.EXE ..\..\..\sem6\EE344\Microprocessors-Mini-Project\Microproc
                    -essors-Mini-Project\lcd.c OPTIMIZE(8,SPEED) BROWSE DEBUG OBJECTEXTEND PRINT(.\Listings\lcd.lst) TABS(2) OBJECT(.\Objects
                    -\lcd.obj)

line level    source

   1          #define LCD_data  P2                // LCD Data port
   2          
   3          //Function Declarations
   4          void LCD_Init();
   5          void LCD_DataWrite(char dat);
   6          void LCD_CmdWrite(char cmd);
   7          void LCD_WriteString(char * str, unsigned char len);
   8          void LCD_Ready();
   9          void sdelay(int delay);
  10          void delay_ms(int delay);
  11          
  12          sbit LCD_rs = P0^0;                 // LCD Register Select
*** ERROR C202 IN LINE 12 OF ..\..\..\sem6\EE344\Microprocessors-Mini-Project\Microprocessors-Mini-Project\lcd.c: 'P0': 
             -undefined identifier
  13          sbit LCD_rw = P0^1;                 // LCD Read/Write
*** ERROR C202 IN LINE 13 OF ..\..\..\sem6\EE344\Microprocessors-Mini-Project\Microprocessors-Mini-Project\lcd.c: 'P0': 
             -undefined identifier
  14          sbit LCD_en = P0^2;                 // LCD Enable
*** ERROR C202 IN LINE 14 OF ..\..\..\sem6\EE344\Microprocessors-Mini-Project\Microprocessors-Mini-Project\lcd.c: 'P0': 
             -undefined identifier
  15          sbit LCD_busy = P2^7;               // LCD Busy Flag
*** ERROR C202 IN LINE 15 OF ..\..\..\sem6\EE344\Microprocessors-Mini-Project\Microprocessors-Mini-Project\lcd.c: 'P2': 
             -undefined identifier
  16          
  17          //Global Variables
  18          bit transmit_completed= 0;          // To check if spi data transmit is complete
  19          char serial_data, data_save_high, data_save_low;  
  20          
  21          // void main(void)
  22          // {
  23          //  P2 = 0x00;                      // Make Port 2 output 
  24          //  LCD_Init();
  25          //  while(1)                      // endless  
  26          //   {
  27          //    /* Code for displaying "Hello World"
  28          //       on the LCD to be written here */    
  29          //    delay_ms(5000);
  30          //  }
  31          // }
  32          
  33          /**
  34           * FUNCTION_PURPOSE:LCD Initialization
  35           * FUNCTION_INPUTS: void
  36           * FUNCTION_OUTPUTS: none
  37           */
  38          void LCD_Init()
  39          {
  40   1        sdelay(100);
  41   1        LCD_CmdWrite(0x38);     // LCD 2lines, 5*7 matrix
  42   1        LCD_CmdWrite(0x0E);     // Display ON cursor ON  Blinking off
  43   1        LCD_CmdWrite(0x01);     // Clear the LCD
  44   1        LCD_CmdWrite(0x80);     // Cursor to First line First Position
  45   1      }
C51 COMPILER V9.54   LCD                                                                   02/05/2016 20:00:36 PAGE 2   

  46          
  47          /**
  48           * FUNCTION_PURPOSE: Write Command to LCD
  49           * FUNCTION_INPUTS: cmd- command to be written
  50           * FUNCTION_OUTPUTS: none
  51           */
  52          void LCD_CmdWrite(char cmd)
  53          {
  54   1        LCD_Ready();
  55   1        LCD_data=cmd;           // Send the command to LCD
*** ERROR C202 IN LINE 55 OF ..\..\..\sem6\EE344\Microprocessors-Mini-Project\Microprocessors-Mini-Project\lcd.c: 'P2': 
             -undefined identifier
  56   1        LCD_rs=0;               // Select the Command Register by pulling LCD_rs LOW
*** ERROR C202 IN LINE 56 OF ..\..\..\sem6\EE344\Microprocessors-Mini-Project\Microprocessors-Mini-Project\lcd.c: 'LCD_r
             -s': undefined identifier
  57   1        LCD_rw=0;               // Select the Write Operation  by pulling RW LOW
*** ERROR C202 IN LINE 57 OF ..\..\..\sem6\EE344\Microprocessors-Mini-Project\Microprocessors-Mini-Project\lcd.c: 'LCD_r
             -w': undefined identifier
  58   1        LCD_en=1;               // Send a High-to-Low Pusle at Enable Pin
*** ERROR C202 IN LINE 58 OF ..\..\..\sem6\EE344\Microprocessors-Mini-Project\Microprocessors-Mini-Project\lcd.c: 'LCD_e
             -n': undefined identifier
  59   1        sdelay(5);
  60   1        LCD_en=0;
*** ERROR C202 IN LINE 60 OF ..\..\..\sem6\EE344\Microprocessors-Mini-Project\Microprocessors-Mini-Project\lcd.c: 'LCD_e
             -n': undefined identifier
  61   1        sdelay(5);
  62   1      }
  63          
  64          /**
  65           * FUNCTION_PURPOSE: Write Command to LCD
  66           * FUNCTION_INPUTS: dat- data to be written
  67           * FUNCTION_OUTPUTS: none
  68           */
  69          void LCD_DataWrite( char dat)
  70          {
  71   1        LCD_Ready();
  72   1        LCD_data=dat;           // Send the data to LCD
*** ERROR C202 IN LINE 72 OF ..\..\..\sem6\EE344\Microprocessors-Mini-Project\Microprocessors-Mini-Project\lcd.c: 'P2': 
             -undefined identifier
  73   1        LCD_rs=1;               // Select the Data Register by pulling LCD_rs HIGH
*** ERROR C202 IN LINE 73 OF ..\..\..\sem6\EE344\Microprocessors-Mini-Project\Microprocessors-Mini-Project\lcd.c: 'LCD_r
             -s': undefined identifier
  74   1        LCD_rw=0;               // Select the Write Operation by pulling RW LOW
*** ERROR C202 IN LINE 74 OF ..\..\..\sem6\EE344\Microprocessors-Mini-Project\Microprocessors-Mini-Project\lcd.c: 'LCD_r
             -w': undefined identifier
  75   1        LCD_en=1;               // Send a High-to-Low Pusle at Enable Pin
*** ERROR C202 IN LINE 75 OF ..\..\..\sem6\EE344\Microprocessors-Mini-Project\Microprocessors-Mini-Project\lcd.c: 'LCD_e
             -n': undefined identifier
  76   1        sdelay(5);
  77   1        LCD_en=0;
*** ERROR C202 IN LINE 77 OF ..\..\..\sem6\EE344\Microprocessors-Mini-Project\Microprocessors-Mini-Project\lcd.c: 'LCD_e
             -n': undefined identifier
  78   1        sdelay(5);
  79   1      }
  80          /**
  81           * FUNCTION_PURPOSE: Write a string on the LCD Screen
  82           * FUNCTION_INPUTS: 1. str - pointer to the string to be written, 
  83                              2. length - length of the array
  84           * FUNCTION_OUTPUTS: none
  85           */
  86          void LCD_WriteString( char * str, unsigned char length)
  87          {
C51 COMPILER V9.54   LCD                                                                   02/05/2016 20:00:36 PAGE 3   

  88   1          while(length>0)
  89   1          {
  90   2              LCD_DataWrite(*str);
  91   2              str++;
  92   2              length--;
  93   2          }
  94   1      }
  95          
  96          /**
  97           * FUNCTION_PURPOSE: To check if the LCD is ready to communicate
  98           * FUNCTION_INPUTS: void
  99           * FUNCTION_OUTPUTS: none
 100           */
 101          void LCD_Ready()
 102          {
 103   1        LCD_data = 0xFF;
*** ERROR C202 IN LINE 103 OF ..\..\..\sem6\EE344\Microprocessors-Mini-Project\Microprocessors-Mini-Project\lcd.c: 'P2':
             - undefined identifier
 104   1        LCD_rs = 0;
*** ERROR C202 IN LINE 104 OF ..\..\..\sem6\EE344\Microprocessors-Mini-Project\Microprocessors-Mini-Project\lcd.c: 'LCD_
             -rs': undefined identifier
 105   1        LCD_rw = 1;
*** ERROR C202 IN LINE 105 OF ..\..\..\sem6\EE344\Microprocessors-Mini-Project\Microprocessors-Mini-Project\lcd.c: 'LCD_
             -rw': undefined identifier
 106   1        LCD_en = 0;
*** ERROR C202 IN LINE 106 OF ..\..\..\sem6\EE344\Microprocessors-Mini-Project\Microprocessors-Mini-Project\lcd.c: 'LCD_
             -en': undefined identifier
 107   1        sdelay(5);
 108   1        LCD_en = 1;
*** ERROR C202 IN LINE 108 OF ..\..\..\sem6\EE344\Microprocessors-Mini-Project\Microprocessors-Mini-Project\lcd.c: 'LCD_
             -en': undefined identifier
 109   1        while(LCD_busy == 1)
*** ERROR C202 IN LINE 109 OF ..\..\..\sem6\EE344\Microprocessors-Mini-Project\Microprocessors-Mini-Project\lcd.c: 'LCD_
             -busy': undefined identifier
 110   1        {
 111   2          LCD_en = 0;
*** ERROR C202 IN LINE 111 OF ..\..\..\sem6\EE344\Microprocessors-Mini-Project\Microprocessors-Mini-Project\lcd.c: 'LCD_
             -en': undefined identifier
 112   2          LCD_en = 1;
*** ERROR C202 IN LINE 112 OF ..\..\..\sem6\EE344\Microprocessors-Mini-Project\Microprocessors-Mini-Project\lcd.c: 'LCD_
             -en': undefined identifier
 113   2        }
 114   1        LCD_en = 0;
*** ERROR C202 IN LINE 114 OF ..\..\..\sem6\EE344\Microprocessors-Mini-Project\Microprocessors-Mini-Project\lcd.c: 'LCD_
             -en': undefined identifier
 115   1      }
 116          
 117          /**
 118           * FUNCTION_PURPOSE: A delay of 15us for a 24 MHz crystal
 119           * FUNCTION_INPUTS: void
 120           * FUNCTION_OUTPUTS: none
 121           */
 122          void sdelay(int delay)
 123          {
 124   1        char d=0;
 125   1        while(delay>0)
 126   1        {
 127   2          for(d=0;d<5;d++);
 128   2          delay--;
 129   2        }
 130   1      }
 131          
C51 COMPILER V9.54   LCD                                                                   02/05/2016 20:00:36 PAGE 4   

 132          /**
 133           * FUNCTION_PURPOSE: A delay of around 1000us for a 24MHz crystel
 134           * FUNCTION_INPUTS: void
 135           * FUNCTION_OUTPUTS: none
 136           */
 137          void delay_ms(int delay)
 138          {
 139   1        int d=0;
 140   1        while(delay>0)
 141   1        {
 142   2          for(d=0;d<382;d++);
 143   2          delay--;
 144   2        }
 145   1      }

C51 COMPILATION COMPLETE.  0 WARNING(S),  23 ERROR(S)
