C51 COMPILER V9.54   SQUAREGENERATORC                                                      10/09/2015 23:53:12 PAGE 1   


C51 COMPILER V9.54, COMPILATION OF MODULE SQUAREGENERATORC
OBJECT MODULE PLACED IN .\Objects\squareGeneratorC.obj
COMPILER INVOKED BY: D:\Programmes\Programmes\C51\BIN\C51.EXE squareGeneratorC.c OPTIMIZE(8,SPEED) BROWSE DEBUG OBJECTEX
                    -TEND PRINT(.\Listings\squareGeneratorC.lst) TABS(2) OBJECT(.\Objects\squareGeneratorC.obj)

line level    source

   1          /**
   2           Square Tone Generator
   3           */
   4          
   5          /* @section  I N C L U D E S */
   6          #include "at89c5131.h"
   7          #include "stdio.h"
   8          
   9          
  10          void timer0isr();
  11          void timerInit();
  12          void delay_ms(int);
  13          
  14          int oct_sel =1;
  15          int oct_freq = 1; 
  16          
  17          unsigned char port2;
  18          sbit temp = 0x81;
  19          
  20          
  21          unsigned char tmh = 0xf7;
  22          unsigned char tml = 0xdd;
  23          unsigned char acc;
  24          
  25          int i, j;
  26          bit f1, f2, f3 =0;
  27          
  28          unsigned char keypadArray [] = {
  29            0xF7,0xDD,0xF8,0x5F,0xF8,0xC4,0xF9,0x22,
  30            0xF9,0x7D,0xF9,0xE5,0xFA,0x46,0xFA,0x93,
  31            0xFA,0xE9,0xFB,0x2D,0xFB,0x6C,0xFB,0xA8};
  32          
  33          unsigned char oct_sel_array[] = {4,2,1,1};
  34          
  35          void timerInit(){
  36   1        TH0 = 0xf7  ;                   //For 25ms operation
  37   1        TL0 = 0xdd;
  38   1        TMOD = 0x01;  
  39   1        EA = 1;       // Set T/C0 Mode 
  40   1        ET0 = 1;      // Enable Timer 0 Interrupts 
  41   1        TR0 = 1;   
  42   1      }
  43          
  44          void timer0isr() interrupt 1 {
  45   1        TH0 = tmh;
  46   1        TL0 = tml;
  47   1        if(oct_sel == 1){
  48   2          temp = ~(temp);
  49   2          
  50   2          
  51   2          oct_sel = oct_freq;
  52   2        }
  53   1        else{
  54   2          oct_sel -- ;
C51 COMPILER V9.54   SQUAREGENERATORC                                                      10/09/2015 23:53:12 PAGE 2   

  55   2        }
  56   1      }
  57          
  58          void delay_ms(int delay)
  59          {
  60   1        int d=0;
  61   1        while(delay>0)
  62   1        {
  63   2          for(d=0;d<382;d++);
  64   2          delay--;
  65   2        }
  66   1      }
  67          
  68          void main(){P1 = 0x00;
  69   1         P0 = 0x00;
  70   1         P2 = 0xFF;
  71   1         timerInit();
  72   1         
  73   1        while(1){
  74   2          
  75   2          P2 = 0x0F;//ground all rows at once
  76   2          acc = P2 ;//read all col ;(ensure keys open)
  77   2          acc &= 0x0f;// ;masked unused bits
  78   2          if(acc == 0x0f) continue;
  79   2          f1 = 1;
  80   2          while(f1 == 1){
  81   3            delay_ms(10);
  82   3            P2 = 0x0F;//ground all rows at once
  83   3            acc = P2 ;//read all col ;(ensure keys open)
  84   3            acc &= 0x0f;// ;masked unused bits
  85   3            if(acc == 0x0f) continue;
  86   3            
  87   3            delay_ms(10);
  88   3            P2 = 0x0F;//ground all rows at once
  89   3            acc = P2 ;//read all col ;(ensure keys open)
  90   3            acc &= 0x0f;// ;masked unused bits
  91   3            if(acc == 0x0f) continue;
  92   3            
  93   3            
  94   3            P2=0xF0;
  95   3            
  96   3            if(P2 == 0xE0) {i=0;}
  97   3            else if(P2 == 0xD0 ) {i=1;}
  98   3            else if(P2 == 0xB0) {i=2;}
  99   3            else if (P2 ==0x70 ) {i=3;P1 = 0x04;}
 100   3            
 101   3            P2 = 0x0f;
 102   3            
 103   3            if(P2 == 0x0e) {j=0;}
 104   3            else if(P2 == 0x0d) {j=1;}
 105   3            else if(P2 == 0x0b) {j=2;}
 106   3            else if(P2 == 0x07) {j=3;}
 107   3            
 108   3            if(i<3){
 109   4            tmh = keypadArray[8*i+2*j];
 110   4            tml = keypadArray[8*i+2*j+1];
 111   4            }
 112   3            else
 113   3            {oct_freq = oct_sel_array[j];}
 114   3            
 115   3            f1 = 0;
 116   3            
C51 COMPILER V9.54   SQUAREGENERATORC                                                      10/09/2015 23:53:12 PAGE 3   

 117   3          }
 118   2        }
 119   1            
 120   1      }


MODULE INFORMATION:   STATIC OVERLAYABLE
   CODE SIZE        =    335    ----
   CONSTANT SIZE    =   ----    ----
   XDATA SIZE       =   ----    ----
   PDATA SIZE       =   ----    ----
   DATA SIZE        =     40    ----
   IDATA SIZE       =   ----    ----
   BIT SIZE         =      3    ----
END OF MODULE INFORMATION.


C51 COMPILATION COMPLETE.  0 WARNING(S),  0 ERROR(S)
